<?xml version="1.0" encoding="UTF-8"?>
<!-- Generated by org.testng.reporters.JUnitReportReporter -->
<testsuite skipped="0" hostname="lwo1-lhp-f71232" name="com.vidyo.rest.extintegration.ExtIntegrationControllerTest" tests="6" failures="0" timestamp="25 Oct 2018 12:37:41 GMT" time="1.220" errors="0">
  <testcase name="testRoomKeyRoomCreationFailed" time="0.025" classname="com.vidyo.rest.extintegration.ExtIntegrationControllerTest"/>
  <testcase name="testRoomKeyEmptyExtData" time="0.052" classname="com.vidyo.rest.extintegration.ExtIntegrationControllerTest"/>
  <testcase name="testRoomKeyEpicNotEnabled" time="0.049" classname="com.vidyo.rest.extintegration.ExtIntegrationControllerTest"/>
  <testcase name="testRoomKeyInvalidExtData" time="1.082" classname="com.vidyo.rest.extintegration.ExtIntegrationControllerTest"/>
  <testcase name="testRoomKeyEmptyExtDataType" time="0.005" classname="com.vidyo.rest.extintegration.ExtIntegrationControllerTest"/>
  <testcase name="testRoomKeyRoomNotFound" time="0.007" classname="com.vidyo.rest.extintegration.ExtIntegrationControllerTest"/>
</testsuite> <!-- com.vidyo.rest.extintegration.ExtIntegrationControllerTest -->
