<?xml version="1.0" encoding="UTF-8"?>
<!-- Generated by org.testng.reporters.JUnitReportReporter -->
<testsuite skipped="0" hostname="lwo1-lhp-f71232" name="com.vidyo.web.FlexUIControllerTest" tests="11" failures="0" timestamp="25 Jun 2018 16:36:37 GMT" time="1.852" errors="0">
  <testcase name="testGetControlMeetingHtmlBAKWorkflowsWithEncodedBAK" time="0.008" classname="com.vidyo.web.FlexUIControllerTest"/>
  <testcase name="testEpicRoomJoinWorkflowTwoUsers" time="0.013" classname="com.vidyo.web.FlexUIControllerTest"/>
  <testcase name="testGetMyRecordURL" time="0.004" classname="com.vidyo.web.FlexUIControllerTest"/>
  <testcase name="testEpicRoomJoinWorkflowWithExternalDataInvalid" time="0.844" classname="com.vidyo.web.FlexUIControllerTest"/>
  <testcase name="testGetMyRecordURLForInvalidUser" time="0.005" classname="com.vidyo.web.FlexUIControllerTest"/>
  <testcase name="testGetChangePasswordHtmlBAKWorkflowsWithEncodedBAK" time="0.034" classname="com.vidyo.web.FlexUIControllerTest"/>
  <testcase name="testEpicRoomJoinWorkflowCreateInvalidRoom" time="0.886" classname="com.vidyo.web.FlexUIControllerTest"/>
  <testcase name="testGetChangePasswordHtmlBAKWorkflows" time="0.018" classname="com.vidyo.web.FlexUIControllerTest"/>
  <testcase name="testEpicRoomJoinWorkflowOneUser" time="0.018" classname="com.vidyo.web.FlexUIControllerTest"/>
  <testcase name="testEpicRoomJoinWorkflowWithEpicDisabled" time="0.013" classname="com.vidyo.web.FlexUIControllerTest"/>
  <testcase name="testGetControlMeetingHtmlBAKWorkflows" time="0.009" classname="com.vidyo.web.FlexUIControllerTest"/>
</testsuite> <!-- com.vidyo.web.FlexUIControllerTest -->
