<?xml version="1.0" encoding="UTF-8"?>
<!-- Generated by org.testng.reporters.JUnitReportReporter -->
<testsuite skipped="0" hostname="lwo1-lhp-f71232" name="com.vidyo.service.configuration.ConfigurationServiceImplTest" tests="34" failures="0" timestamp="24 Oct 2018 10:33:41 GMT" time="0.813" errors="0">
  <testcase name="testTenantConfigurationEnumNoOfEntries" time="0.003" classname="com.vidyo.service.configuration.ConfigurationServiceImplTest"/>
  <testcase name="testUpdateTenantConfigsWithChangesInTenantConfigurationOnly" time="0.003" classname="com.vidyo.service.configuration.ConfigurationServiceImplTest"/>
  <testcase name="testUpdateTenantConfigsForNullConfigs" time="0.002" classname="com.vidyo.service.configuration.ConfigurationServiceImplTest"/>
  <testcase name="testFetchTenantConfigsForInvalidTenant" time="0.044" classname="com.vidyo.service.configuration.ConfigurationServiceImplTest"/>
  <testcase name="testFetchSystemConfigs" time="0.006" classname="com.vidyo.service.configuration.ConfigurationServiceImplTest"/>
  <testcase name="testUpdateTenantConfigsWithInvalidTenantConfigurationValue" time="0.001" classname="com.vidyo.service.configuration.ConfigurationServiceImplTest"/>
  <testcase name="testFetchTenantConfigKeys" time="0.002" classname="com.vidyo.service.configuration.ConfigurationServiceImplTest"/>
  <testcase name="testFetchSystemConfigKeys" time="0.002" classname="com.vidyo.service.configuration.ConfigurationServiceImplTest"/>
  <testcase name="testUpdateSystemConfigsForTenantId0" time="0.003" classname="com.vidyo.service.configuration.ConfigurationServiceImplTest"/>
  <testcase name="testUpdateTenantConfigsWithChangesInLegacyTenantConfigurationOnly" time="0.002" classname="com.vidyo.service.configuration.ConfigurationServiceImplTest"/>
  <testcase name="testUpdateSystemConfigsWithInvalidSystemConfigurationValue" time="0.002" classname="com.vidyo.service.configuration.ConfigurationServiceImplTest"/>
  <testcase name="testUpdateSystemConfigsForNullConfigs" time="0.001" classname="com.vidyo.service.configuration.ConfigurationServiceImplTest"/>
  <testcase name="testFetchSystemConfigByConfigNameWithSystemConfig" time="0.010" classname="com.vidyo.service.configuration.ConfigurationServiceImplTest"/>
  <testcase name="testSystemConfigurationEnumOrdering" time="0.004" classname="com.vidyo.service.configuration.ConfigurationServiceImplTest"/>
  <testcase name="testUpdateTenantConfigsForEmptyConfigs" time="0.561" classname="com.vidyo.service.configuration.ConfigurationServiceImplTest"/>
  <testcase name="testUpdateTenantConfigsWithInvalidConfigKey" time="0.001" classname="com.vidyo.service.configuration.ConfigurationServiceImplTest"/>
  <testcase name="testFetchSystemConfigByConfigNameWithLegacySystemConfig" time="0.023" classname="com.vidyo.service.configuration.ConfigurationServiceImplTest"/>
  <testcase name="testFetchTenantConfigByConfigNameWithInvalidConfig" time="0.003" classname="com.vidyo.service.configuration.ConfigurationServiceImplTest"/>
  <testcase name="testUpdateTenantConfigsForInvalidTenant" time="0.002" classname="com.vidyo.service.configuration.ConfigurationServiceImplTest"/>
  <testcase name="testLegacySystemConfigurationEnumOrdering" time="0.003" classname="com.vidyo.service.configuration.ConfigurationServiceImplTest"/>
  <testcase name="testUpdateSystemConfigs" time="0.003" classname="com.vidyo.service.configuration.ConfigurationServiceImplTest"/>
  <testcase name="testFetchTenantConfigByConfigNameWithLegacyTenantConfig" time="0.002" classname="com.vidyo.service.configuration.ConfigurationServiceImplTest"/>
  <testcase name="testFetchTenantConfigByConfigNameWithTenantConfig" time="0.083" classname="com.vidyo.service.configuration.ConfigurationServiceImplTest"/>
  <testcase name="testUpdateTenantConfigsWithInvalidIntegerLegacyTenantConfigurationValue" time="0.003" classname="com.vidyo.service.configuration.ConfigurationServiceImplTest"/>
  <testcase name="testUpdateSystemConfigsWithInvalidLegacySystemConfigurationValue" time="0.001" classname="com.vidyo.service.configuration.ConfigurationServiceImplTest"/>
  <testcase name="testFetchSystemConfigByConfigNameWithInvalidConfig" time="0.018" classname="com.vidyo.service.configuration.ConfigurationServiceImplTest"/>
  <testcase name="testLegacyTenantConfigurationEnumOrdering" time="0.006" classname="com.vidyo.service.configuration.ConfigurationServiceImplTest"/>
  <testcase name="testTenantConfigurationEnumOrdering" time="0.003" classname="com.vidyo.service.configuration.ConfigurationServiceImplTest"/>
  <testcase name="testUpdateTenantConfigs" time="0.002" classname="com.vidyo.service.configuration.ConfigurationServiceImplTest"/>
  <testcase name="testUpdateSystemConfigsWithInvalidConfigKey" time="0.001" classname="com.vidyo.service.configuration.ConfigurationServiceImplTest"/>
  <testcase name="testUpdateSystemConfigsForEmptyConfigs" time="0.002" classname="com.vidyo.service.configuration.ConfigurationServiceImplTest"/>
  <testcase name="testUpdateSystemConfigsForTenantId1" time="0.004" classname="com.vidyo.service.configuration.ConfigurationServiceImplTest"/>
  <testcase name="testUpdateTenantConfigsWithInvalidLegacyTenantConfigurationValue" time="0.001" classname="com.vidyo.service.configuration.ConfigurationServiceImplTest"/>
  <testcase name="testFetchTenantConfigs" time="0.006" classname="com.vidyo.service.configuration.ConfigurationServiceImplTest"/>
</testsuite> <!-- com.vidyo.service.configuration.ConfigurationServiceImplTest -->
