<?xml version="1.0" encoding="UTF-8"?>
<!-- Generated by org.testng.reporters.JUnitReportReporter -->
<testsuite skipped="0" hostname="lwo1-lhp-f71232" name="com.vidyo.service.statusnotify.BaseStatusNotifyListenerTests" tests="3" failures="0" timestamp="17 May 2018 13:46:02 GMT" time="0.731" errors="0">
  <testcase name="testCallExternalRestServiceWithInvalidUserId" time="0.403" classname="com.vidyo.service.statusnotify.BaseStatusNotifyListenerTests"/>
  <testcase name="testCallExternalRestServiceThrowingException" time="0.205" classname="com.vidyo.service.statusnotify.BaseStatusNotifyListenerTests"/>
  <testcase name="testCallExternalRestServiceSuccess" time="0.123" classname="com.vidyo.service.statusnotify.BaseStatusNotifyListenerTests"/>
</testsuite> <!-- com.vidyo.service.statusnotify.BaseStatusNotifyListenerTests -->
