<?xml version="1.0" encoding="UTF-8"?>
<!-- Generated by org.testng.reporters.JUnitReportReporter -->
<testsuite skipped="0" hostname="lwo1-lhp-f71232" name="com.vidyo.portal.VidyoPortalSuperServiceSkeletonTest" tests="1" failures="1" timestamp="22 May 2018 17:04:22 GMT" time="1.081" errors="0">
  <testcase name="testLogInWithReturnServiceAddressFlag" time="1.081" classname="com.vidyo.portal.VidyoPortalSuperServiceSkeletonTest">
    <failure type="org.mockito.exceptions.verification.WantedButNotInvoked" message="
Wanted but not invoked:
userService.getLoginUser();
-&gt; at com.vidyo.portal.VidyoPortalSuperServiceSkeletonTest.verifyCommonMockBehavioursForLogIn(VidyoPortalSuperServiceSkeletonTest.java:89)
Actually, there were zero interactions with this mock.
">
      <![CDATA[Wanted but not invoked:
userService.getLoginUser();
-> at com.vidyo.portal.VidyoPortalSuperServiceSkeletonTest.verifyCommonMockBehavioursForLogIn(VidyoPortalSuperServiceSkeletonTest.java:89)
Actually, there were zero interactions with this mock.

	at com.vidyo.portal.VidyoPortalSuperServiceSkeletonTest.verifyCommonMockBehavioursForLogIn(VidyoPortalSuperServiceSkeletonTest.java:89)
	at com.vidyo.portal.VidyoPortalSuperServiceSkeletonTest.testLogInWithReturnServiceAddressFlag(VidyoPortalSuperServiceSkeletonTest.java:99)
	at sun.reflect.NativeMethodAccessorImpl.invoke0(Native Method)
	at sun.reflect.NativeMethodAccessorImpl.invoke(NativeMethodAccessorImpl.java:62)
	at sun.reflect.DelegatingMethodAccessorImpl.invoke(DelegatingMethodAccessorImpl.java:43)
	at java.lang.reflect.Method.invoke(Method.java:498)
	at org.testng.internal.MethodInvocationHelper.invokeMethod(MethodInvocationHelper.java:108)
	at org.testng.internal.Invoker.invokeMethod(Invoker.java:661)
	at org.testng.internal.Invoker.invokeTestMethod(Invoker.java:869)
	at org.testng.internal.Invoker.invokeTestMethods(Invoker.java:1193)
	at org.testng.internal.TestMethodWorker.invokeTestMethods(TestMethodWorker.java:126)
	at org.testng.internal.TestMethodWorker.run(TestMethodWorker.java:109)
	at org.testng.TestRunner.privateRun(TestRunner.java:744)
	at org.testng.TestRunner.run(TestRunner.java:602)
	at org.testng.SuiteRunner.runTest(SuiteRunner.java:380)
	at org.testng.SuiteRunner.runSequentially(SuiteRunner.java:375)
	at org.testng.SuiteRunner.privateRun(SuiteRunner.java:340)
	at org.testng.SuiteRunner.run(SuiteRunner.java:289)
	at org.testng.SuiteRunnerWorker.runSuite(SuiteRunnerWorker.java:52)
	at org.testng.SuiteRunnerWorker.run(SuiteRunnerWorker.java:86)
	at org.testng.TestNG.runSuitesSequentially(TestNG.java:1301)
	at org.testng.TestNG.runSuitesLocally(TestNG.java:1226)
	at org.testng.TestNG.runSuites(TestNG.java:1144)
	at org.testng.TestNG.run(TestNG.java:1115)
	at org.testng.remote.AbstractRemoteTestNG.run(AbstractRemoteTestNG.java:114)
	at org.testng.remote.RemoteTestNG.initAndRun(RemoteTestNG.java:251)
	at org.testng.remote.RemoteTestNG.main(RemoteTestNG.java:77)
]]>
    </failure>
  </testcase> <!-- testLogInWithReturnServiceAddressFlag -->
</testsuite> <!-- com.vidyo.portal.VidyoPortalSuperServiceSkeletonTest -->
