<?xml version="1.0" encoding="UTF-8"?>
<!-- Generated by org.testng.reporters.JUnitReportReporter -->
<testsuite skipped="0" hostname="lwo1-lhp-f71232" name="com.vidyo.portal.general.VidyoPortalGeneralServiceSkeletonTest" tests="4" failures="0" timestamp="15 Jun 2018 12:57:17 GMT" time="1.065" errors="0">
  <testcase name="testLogInTypeForSystemConfiguration" time="0.381" classname="com.vidyo.portal.general.VidyoPortalGeneralServiceSkeletonTest"/>
  <testcase name="testLogInTypeForTenantConfigurationWithIncorrectUrls" time="0.646" classname="com.vidyo.portal.general.VidyoPortalGeneralServiceSkeletonTest"/>
  <testcase name="testLogInTypeForTenantConfiguration" time="0.027" classname="com.vidyo.portal.general.VidyoPortalGeneralServiceSkeletonTest"/>
  <testcase name="testLogInTypeWithoutPolicyDetails" time="0.011" classname="com.vidyo.portal.general.VidyoPortalGeneralServiceSkeletonTest"/>
</testsuite> <!-- com.vidyo.portal.general.VidyoPortalGeneralServiceSkeletonTest -->
