<?xml version="1.0" encoding="UTF-8"?>
<!-- Generated by org.testng.reporters.JUnitReportReporter -->
<testsuite skipped="0" hostname="lwo1-lhp-f71232" name="com.vidyo.controller.extintegration.ExtIntegrationControllerTest" tests="6" failures="0" timestamp="25 Jun 2018 16:31:10 GMT" time="1.872" errors="0">
  <testcase name="testRoomKeyInvalidExtData" time="0.978" classname="com.vidyo.controller.extintegration.ExtIntegrationControllerTest"/>
  <testcase name="testRoomKeyRoomNotFound" time="0.026" classname="com.vidyo.controller.extintegration.ExtIntegrationControllerTest"/>
  <testcase name="testRoomKeyEpicNotEnabled" time="0.640" classname="com.vidyo.controller.extintegration.ExtIntegrationControllerTest"/>
  <testcase name="testRoomKeyEmptyExtDataType" time="0.070" classname="com.vidyo.controller.extintegration.ExtIntegrationControllerTest"/>
  <testcase name="testRoomKeyEmptyExtData" time="0.129" classname="com.vidyo.controller.extintegration.ExtIntegrationControllerTest"/>
  <testcase name="testRoomKeyRoomCreationFailed" time="0.029" classname="com.vidyo.controller.extintegration.ExtIntegrationControllerTest"/>
</testsuite> <!-- com.vidyo.controller.extintegration.ExtIntegrationControllerTest -->
