<?xml version="1.0" encoding="UTF-8"?>
<!-- Generated by org.testng.reporters.JUnitReportReporter -->
<testsuite skipped="0" hostname="lwo1-lhp-f71232" name="com.vidyo.web.AESEncryptDecryptUtilTest" tests="2" failures="0" timestamp="16 Mar 2018 16:47:31 GMT" time="0.876" errors="0">
  <testcase name="testEncryptAndThenDecrypt" time="0.004" classname="com.vidyo.web.AESEncryptDecryptUtilTest"/>
  <testcase name="testDecryptProvidedString" time="0.872" classname="com.vidyo.web.AESEncryptDecryptUtilTest"/>
</testsuite> <!-- com.vidyo.web.AESEncryptDecryptUtilTest -->
