<?xml version="1.0" encoding="UTF-8"?>
<!-- Generated by org.testng.reporters.JUnitReportReporter -->
<testsuite skipped="0" hostname="lwo1-lhp-f71232" name="com.vidyo.portal.superapi.VidyoPortalSuperServiceSkeletonTest" tests="8" failures="0" timestamp="23 May 2018 11:16:07 GMT" time="0.400" errors="0">
  <testcase name="testCreateTenantFailed" time="0.357" classname="com.vidyo.portal.superapi.VidyoPortalSuperServiceSkeletonTest"/>
  <testcase name="testUpdateTenantSuccessful" time="0.006" classname="com.vidyo.portal.superapi.VidyoPortalSuperServiceSkeletonTest"/>
  <testcase name="testCreateTenantServerError" time="0.006" classname="com.vidyo.portal.superapi.VidyoPortalSuperServiceSkeletonTest"/>
  <testcase name="testCreateTenantSuccessful" time="0.006" classname="com.vidyo.portal.superapi.VidyoPortalSuperServiceSkeletonTest"/>
  <testcase name="testUpdateTenantFailed" time="0.006" classname="com.vidyo.portal.superapi.VidyoPortalSuperServiceSkeletonTest"/>
  <testcase name="testUpdateTenantValidationFailed" time="0.004" classname="com.vidyo.portal.superapi.VidyoPortalSuperServiceSkeletonTest"/>
  <testcase name="testCreateTenantValidationFailed" time="0.007" classname="com.vidyo.portal.superapi.VidyoPortalSuperServiceSkeletonTest"/>
  <testcase name="testUpdateTenantServerError" time="0.008" classname="com.vidyo.portal.superapi.VidyoPortalSuperServiceSkeletonTest"/>
</testsuite> <!-- com.vidyo.portal.superapi.VidyoPortalSuperServiceSkeletonTest -->
