<?xml version="1.0" encoding="UTF-8"?>
<!-- Generated by org.testng.reporters.JUnitReportReporter -->
<testsuite skipped="0" hostname="lwo1-lhp-f71232" name="com.vidyo.service.room.RoomServiceImplTest" tests="235" failures="0" timestamp="13 Mar 2018 11:25:46 GMT" time="1.102" errors="0">
  <testcase name="getEntityByOwnerIDWithInvalidUser" time="0.003" classname="com.vidyo.service.room.RoomServiceImplTest"/>
  <testcase name="getTenantCreatePublicRoomRemainCountWithValidTenantId" time="0.000" classname="com.vidyo.service.room.RoomServiceImplTest"/>
  <testcase name="muteRoomVideoWithInvalidID" time="0.001" classname="com.vidyo.service.room.RoomServiceImplTest"/>
  <testcase name="getEntityIDsWithInvalidUser" time="0.003" classname="com.vidyo.service.room.RoomServiceImplTest"/>
  <testcase name="getRoomDetailsForConferenceWithInvalidRoomExtAndValidTeanantID" time="0.001" classname="com.vidyo.service.room.RoomServiceImplTest"/>
  <testcase name="getBrowseWithInvalidUser" time="0.001" classname="com.vidyo.service.room.RoomServiceImplTest"/>
  <testcase name="getRoomProfile" time="0.001" classname="com.vidyo.service.room.RoomServiceImplTest"/>
  <testcase name="updateRoomPrefixWithInvalidTenantId" time="0.001" classname="com.vidyo.service.room.RoomServiceImplTest"/>
  <testcase name="createPublicRoomWithEmptyRoomConfig" time="0.005" classname="com.vidyo.service.room.RoomServiceImplTest"/>
  <testcase name="getCountEntityByEmailWithInvalidUser" time="0.010" classname="com.vidyo.service.room.RoomServiceImplTest"/>
  <testcase name="createScheduledRoomWithPinRequiredAndRoomExists" time="0.043" classname="com.vidyo.service.room.RoomServiceImplTest"/>
  <testcase name="silenceSpeakerForRoomServerWithValidInput" time="0.002" classname="com.vidyo.service.room.RoomServiceImplTest"/>
  <testcase name="createScheduledRoomWithPinRequiredAndRoomNotExistsAndRecurringMoreThanZero" time="0.034" classname="com.vidyo.service.room.RoomServiceImplTest"/>
  <testcase name="updatePublicRoomDescriptionWithInvalidId" time="0.001" classname="com.vidyo.service.room.RoomServiceImplTest"/>
  <testcase name="updateRoomPINWithInvalidRoom" time="0.002" classname="com.vidyo.service.room.RoomServiceImplTest"/>
  <testcase name="getCountEntityIDsWithInvalidUser" time="0.004" classname="com.vidyo.service.room.RoomServiceImplTest"/>
  <testcase name="getRoomWithValidExtAndInvalidTenant" time="0.003" classname="com.vidyo.service.room.RoomServiceImplTest"/>
  <testcase name="silenceRoomWithInvalidID" time="0.002" classname="com.vidyo.service.room.RoomServiceImplTest"/>
  <testcase name="getEntityIDsWithInvalidFilter" time="0.002" classname="com.vidyo.service.room.RoomServiceImplTest"/>
  <testcase name="lockRoomValidID" time="0.001" classname="com.vidyo.service.room.RoomServiceImplTest"/>
  <testcase name="deleteInactiveSchRoomsWithInvalidInput" time="0.002" classname="com.vidyo.service.room.RoomServiceImplTest"/>
  <testcase name="getAccessibleRoomDetailsWithInvalidRoomId" time="0.003" classname="com.vidyo.service.room.RoomServiceImplTest"/>
  <testcase name="getUserCreatePublicRoomCountWithInvalidTenantId" time="0.001" classname="com.vidyo.service.room.RoomServiceImplTest"/>
  <testcase name="getRoomWithValidExtAndEmptyTenant" time="0.000" classname="com.vidyo.service.room.RoomServiceImplTest"/>
  <testcase name="getRoomsForOwenerIDWithInvalidID" time="0.000" classname="com.vidyo.service.room.RoomServiceImplTest"/>
  <testcase name="getCountRoomsValidRoomFilter" time="0.002" classname="com.vidyo.service.room.RoomServiceImplTest"/>
  <testcase name="getRoomByNameAndTenantNameWithValidExtAndValidTenantName" time="0.002" classname="com.vidyo.service.room.RoomServiceImplTest"/>
  <testcase name="getEntityIDsNotExvuldeRooms" time="0.002" classname="com.vidyo.service.room.RoomServiceImplTest"/>
  <testcase name="getRoomForModeratorKeyWithValidKey" time="0.002" classname="com.vidyo.service.room.RoomServiceImplTest"/>
  <testcase name="getRoomEntitiesWithValidOwenerIDAndRoomScheduled" time="0.000" classname="com.vidyo.service.room.RoomServiceImplTest"/>
  <testcase name="updateRoomPrefixWithOldPrefixNotValid" time="0.000" classname="com.vidyo.service.room.RoomServiceImplTest"/>
  <testcase name="getRoomsInvalidRoomFilter" time="0.002" classname="com.vidyo.service.room.RoomServiceImplTest"/>
  <testcase name="getCountEntityWithInvalidUser" time="0.314" classname="com.vidyo.service.room.RoomServiceImplTest"/>
  <testcase name="getRoomDetailsForDisconnectParticipantWithInvalidRoomId" time="0.002" classname="com.vidyo.service.room.RoomServiceImplTest"/>
  <testcase name="unsilenceRoomVideoWithInvalidID" time="0.000" classname="com.vidyo.service.room.RoomServiceImplTest"/>
  <testcase name="getRoomDetailsForConferenceWithValidRoomExtAndValidTeanatID" time="0.002" classname="com.vidyo.service.room.RoomServiceImplTest"/>
  <testcase name="getRoomWithInvalidRoomId" time="0.002" classname="com.vidyo.service.room.RoomServiceImplTest"/>
  <testcase name="getRoomWithInvalidNameExt" time="0.001" classname="com.vidyo.service.room.RoomServiceImplTest"/>
  <testcase name="getUserCreatePublicRoomCountWithInvalidOwnerId" time="0.002" classname="com.vidyo.service.room.RoomServiceImplTest"/>
  <testcase name="getEntityIDsWithValidFilterAndValidUserAndDoExvuldeRooms" time="0.003" classname="com.vidyo.service.room.RoomServiceImplTest"/>
  <testcase name="getRoomByNameAndTenantNameWithValidExtAndInvalidTenantName" time="0.006" classname="com.vidyo.service.room.RoomServiceImplTest"/>
  <testcase name="removeRoomProfileWithInvalidRoomID" time="0.002" classname="com.vidyo.service.room.RoomServiceImplTest"/>
  <testcase name="updateRoomProfieWithInvalidProfileName" time="0.002" classname="com.vidyo.service.room.RoomServiceImplTest"/>
  <testcase name="getOneEntityWithValidEntityIDAndValidUserAndScheduledRoom" time="0.002" classname="com.vidyo.service.room.RoomServiceImplTest"/>
  <testcase name="unmuteRoomVideoWithValidID" time="0.001" classname="com.vidyo.service.room.RoomServiceImplTest"/>
  <testcase name="updateGroupForRoomsWithValidRoomUpdateRequest" time="0.001" classname="com.vidyo.service.room.RoomServiceImplTest"/>
  <testcase name="getRoomIdSearchResultWithInvalidUser" time="0.018" classname="com.vidyo.service.room.RoomServiceImplTest"/>
  <testcase name="isPublicRoomIdExistsForMemberIdWithInvalidTenantId" time="0.004" classname="com.vidyo.service.room.RoomServiceImplTest"/>
  <testcase name="updateGroupForRoomsWithInvalidRoomUpdateRequest" time="0.003" classname="com.vidyo.service.room.RoomServiceImplTest"/>
  <testcase name="getPublicRoomCountForTenentIDWithValidTenantId" time="0.010" classname="com.vidyo.service.room.RoomServiceImplTest"/>
  <testcase name="getRoomEntitiesWithInvalidOwenerID" time="0.001" classname="com.vidyo.service.room.RoomServiceImplTest"/>
  <testcase name="resetRoomStateWithInvalidID" time="0.001" classname="com.vidyo.service.room.RoomServiceImplTest"/>
  <testcase name="deleteScheduledRoomByRoomKeyWithInvalidRoomKey" time="0.001" classname="com.vidyo.service.room.RoomServiceImplTest"/>
  <testcase name="getPublicRoomCountForTenentIDWithInvalidTenantId" time="0.005" classname="com.vidyo.service.room.RoomServiceImplTest"/>
  <testcase name="updateRoomProfieWithInvalidRoomID" time="0.001" classname="com.vidyo.service.room.RoomServiceImplTest"/>
  <testcase name="getRoomStatusAndNumOfParticipantsWithValidRoomToCheckAndEmptyConferenceRoom" time="0.009" classname="com.vidyo.service.room.RoomServiceImplTest"/>
  <testcase name="RoomMiniWithInvalidInput" time="0.026" classname="com.vidyo.service.room.RoomServiceImplTest"/>
  <testcase name="updateRoomPrefixWithNegativeCount" time="0.002" classname="com.vidyo.service.room.RoomServiceImplTest"/>
  <testcase name="getCountEntityByEmailWithInvalidUserAndDoExcludeRooms" time="0.002" classname="com.vidyo.service.room.RoomServiceImplTest"/>
  <testcase name="muteRoomWithInvalidID" time="0.000" classname="com.vidyo.service.room.RoomServiceImplTest"/>
  <testcase name="getDisplayNameCountWithInvalidTenant" time="0.002" classname="com.vidyo.service.room.RoomServiceImplTest"/>
  <testcase name="getDisplayNameCountWithValidDisplayNameAndValidTenant" time="0.009" classname="com.vidyo.service.room.RoomServiceImplTest"/>
  <testcase name="getBrowseWithInvalidFilter" time="0.002" classname="com.vidyo.service.room.RoomServiceImplTest"/>
  <testcase name="getUserCreatePublicRoomAllowedWithValidTenantIdAndRoomEnableLessThanZero" time="0.002" classname="com.vidyo.service.room.RoomServiceImplTest"/>
  <testcase name="unsilenceRoomVideoWithValidID" time="0.002" classname="com.vidyo.service.room.RoomServiceImplTest"/>
  <testcase name="updateRoomPrefixWithPositiveCount" time="0.001" classname="com.vidyo.service.room.RoomServiceImplTest"/>
  <testcase name="getCountEntityByEmailWithValidEntityFilterAndValidUserAndValidEmailAddress" time="0.002" classname="com.vidyo.service.room.RoomServiceImplTest"/>
  <testcase name="isRoomExistForRoomNameWithInvalidName" time="0.002" classname="com.vidyo.service.room.RoomServiceImplTest"/>
  <testcase name="getCountEntityByOwnerIDWithInvalidUser" time="0.002" classname="com.vidyo.service.room.RoomServiceImplTest"/>
  <testcase name="unsilenceRoomWithInvalidID" time="0.006" classname="com.vidyo.service.room.RoomServiceImplTest"/>
  <testcase name="generateRoomKeyWithInvalidRoom" time="0.002" classname="com.vidyo.service.room.RoomServiceImplTest"/>
  <testcase name="getTenantCreatePublicRoomRemainCountWithInvalidTenantId" time="0.003" classname="com.vidyo.service.room.RoomServiceImplTest"/>
  <testcase name="isPrefixExistingWithInvalidInput" time="0.001" classname="com.vidyo.service.room.RoomServiceImplTest"/>
  <testcase name="getAccessibleRoomDetailsWithValidRoomIdAndValidCanCallTenantIds" time="0.003" classname="com.vidyo.service.room.RoomServiceImplTest"/>
  <testcase name="findRoomsCountWithInvalidQuery" time="0.004" classname="com.vidyo.service.room.RoomServiceImplTest"/>
  <testcase name="getRoomStatusAndNumOfParticipantsWithEmptyConferenceStatusRooms" time="0.106" classname="com.vidyo.service.room.RoomServiceImplTest"/>
  <testcase name="getRoomWithValidNameExt" time="0.002" classname="com.vidyo.service.room.RoomServiceImplTest"/>
  <testcase name="getCountEntityIDsWithInvalidFilter" time="0.016" classname="com.vidyo.service.room.RoomServiceImplTest"/>
  <testcase name="getCountRoomsInvalidRoomFilter" time="0.002" classname="com.vidyo.service.room.RoomServiceImplTest"/>
  <testcase name="areGuestAllowedToThisRoomWithSuccessfulReturn" time="0.004" classname="com.vidyo.service.room.RoomServiceImplTest"/>
  <testcase name="getRoomByNameAndTeanantNameWithInvalidExtAndInvalidTeanantName" time="0.002" classname="com.vidyo.service.room.RoomServiceImplTest"/>
  <testcase name="generateSchRoomExtPinExtnLengthEqualsTwoAndEValidExtn" time="0.001" classname="com.vidyo.service.room.RoomServiceImplTest"/>
  <testcase name="getCountEntityWithInvalidFilter" time="0.002" classname="com.vidyo.service.room.RoomServiceImplTest"/>
  <testcase name="getRoomDetailsForWebcastWithValidRoomID" time="0.000" classname="com.vidyo.service.room.RoomServiceImplTest"/>
  <testcase name="getCountEntityWithValidFilterAndValidUserAndDoExculdeRooms" time="0.002" classname="com.vidyo.service.room.RoomServiceImplTest"/>
  <testcase name="getRoomeWithInvalidNameExtAndValidTanent" time="0.000" classname="com.vidyo.service.room.RoomServiceImplTest"/>
  <testcase name="RoomMiniWithValidInput" time="0.003" classname="com.vidyo.service.room.RoomServiceImplTest"/>
  <testcase name="validateScheduledRoomWithRoomExtPrefixEqualsSchRoomPrefixAndResponsePinIsNotZeroAndRoomFound" time="0.002" classname="com.vidyo.service.room.RoomServiceImplTest"/>
  <testcase name="silenceSpeakerForRoomServerWithInvlaidRoomId" time="0.003" classname="com.vidyo.service.room.RoomServiceImplTest"/>
  <testcase name="getRoomDetailsByRoomKeyWithInvalidKey" time="0.002" classname="com.vidyo.service.room.RoomServiceImplTest"/>
  <testcase name="getRoomDetailsForConferenceWithInvalidID" time="0.002" classname="com.vidyo.service.room.RoomServiceImplTest"/>
  <testcase name="getPersonalOrLegacyRoomForOwnerIDWithInvalidOwnerID" time="0.002" classname="com.vidyo.service.room.RoomServiceImplTest"/>
  <testcase name="getRoomIdSearchResultWithInvalidFilter" time="0.002" classname="com.vidyo.service.room.RoomServiceImplTest"/>
  <testcase name="silenceRoomVideoWithValidID" time="0.002" classname="com.vidyo.service.room.RoomServiceImplTest"/>
  <testcase name="getCountEntityByOwnerIDWithValidEntityFilterAndValidUserAndValidOwnerID" time="0.001" classname="com.vidyo.service.room.RoomServiceImplTest"/>
  <testcase name="validateScheduledRoomWithRoomExtPrefixEqualsSchRoomPrefixAndResponseResponsePinIsZeroAndRoomFound" time="0.001" classname="com.vidyo.service.room.RoomServiceImplTest"/>
  <testcase name="getMemberIDForRoomIDIfAllowedWithInvalidID" time="0.002" classname="com.vidyo.service.room.RoomServiceImplTest"/>
  <testcase name="generateModeratorKeyWithValidRoom" time="0.005" classname="com.vidyo.service.room.RoomServiceImplTest"/>
  <testcase name="removeRoomKeyWithInvalidRoom" time="0.002" classname="com.vidyo.service.room.RoomServiceImplTest"/>
  <testcase name="getRoomDetailsByRoomKeyWithValidInput" time="0.001" classname="com.vidyo.service.room.RoomServiceImplTest"/>
  <testcase name="updateRoomPINWithValidRoom" time="0.010" classname="com.vidyo.service.room.RoomServiceImplTest"/>
  <testcase name="isPrefixExistingInDefaultTenantWithValidTenantPrefix" time="0.001" classname="com.vidyo.service.room.RoomServiceImplTest"/>
  <testcase name="getRoomeWithValidNameExtAndValidTanent" time="0.002" classname="com.vidyo.service.room.RoomServiceImplTest"/>
  <testcase name="getCountEntityByEmailNotExcludeRooms" time="0.005" classname="com.vidyo.service.room.RoomServiceImplTest"/>
  <testcase name="getRoomIdSearchResultWithValidFilterAndValidUser" time="0.008" classname="com.vidyo.service.room.RoomServiceImplTest"/>
  <testcase name="updatePublicRoomDescriptionWithInvalidDes" time="0.002" classname="com.vidyo.service.room.RoomServiceImplTest"/>
  <testcase name="getPersonalRoomForOwnerIDWithInvalidOwnerID" time="0.001" classname="com.vidyo.service.room.RoomServiceImplTest"/>
  <testcase name="lockRoomInvalidID" time="0.002" classname="com.vidyo.service.room.RoomServiceImplTest"/>
  <testcase name="updateRoomModeratorPINWithInvalidRoom" time="0.001" classname="com.vidyo.service.room.RoomServiceImplTest"/>
  <testcase name="isPrefixExistingWithValidInput" time="0.002" classname="com.vidyo.service.room.RoomServiceImplTest"/>
  <testcase name="isRoomExistForRoomExtNumberWithInvalidExtNumber" time="0.002" classname="com.vidyo.service.room.RoomServiceImplTest"/>
  <testcase name="getRoomsForOwnerIDWithValidID" time="0.002" classname="com.vidyo.service.room.RoomServiceImplTest"/>
  <testcase name="getRoomProfileWithInvalidID" time="0.002" classname="com.vidyo.service.room.RoomServiceImplTest"/>
  <testcase name="getRoomWithValidRoomId" time="0.002" classname="com.vidyo.service.room.RoomServiceImplTest"/>
  <testcase name="resetRoomStateWithValidID" time="0.001" classname="com.vidyo.service.room.RoomServiceImplTest"/>
  <testcase name="deleteScheduledRoomsWithValidPrefix" time="0.008" classname="com.vidyo.service.room.RoomServiceImplTest"/>
  <testcase name="createScheduledRoomWithEmptyConfigurationTrimLength" time="0.006" classname="com.vidyo.service.room.RoomServiceImplTest"/>
  <testcase name="isPublicRoomIdExistsForMemberIdWithInvalidRoomId" time="0.002" classname="com.vidyo.service.room.RoomServiceImplTest"/>
  <testcase name="getDisplayNameCountWithInvalidDisplayname" time="0.001" classname="com.vidyo.service.room.RoomServiceImplTest"/>
  <testcase name="generateSchRoomExtPinExtnLengthEqualsTwoAndEmptyExtn" time="0.011" classname="com.vidyo.service.room.RoomServiceImplTest"/>
  <testcase name="getCountEntityByEmailWithValidFilterAndValidUserAndDoExcludeRooms" time="0.002" classname="com.vidyo.service.room.RoomServiceImplTest"/>
  <testcase name="getEntityByEmailWithInvalidEntityFilter" time="0.002" classname="com.vidyo.service.room.RoomServiceImplTest"/>
  <testcase name="updateGroupByMemberWithValidInput" time="0.002" classname="com.vidyo.service.room.RoomServiceImplTest"/>
  <testcase name="getCountEntityByEmailWithInvalidFilter" time="0.003" classname="com.vidyo.service.room.RoomServiceImplTest"/>
  <testcase name="unmuteRoomWithInvalidID" time="0.001" classname="com.vidyo.service.room.RoomServiceImplTest"/>
  <testcase name="findRoomsCountWithInvalidQueryField" time="0.001" classname="com.vidyo.service.room.RoomServiceImplTest"/>
  <testcase name="isExtensionExistForLegacyExtNumberWithInvalidRoomID" time="0.002" classname="com.vidyo.service.room.RoomServiceImplTest"/>
  <testcase name="isRoomExistForRoomNameWithValidNameAndValidID" time="0.002" classname="com.vidyo.service.room.RoomServiceImplTest"/>
  <testcase name="getEntityByEmailWithInvalidEmail" time="0.002" classname="com.vidyo.service.room.RoomServiceImplTest"/>
  <testcase name="getCountBrowseWithValidFilterAndValidUser" time="0.001" classname="com.vidyo.service.room.RoomServiceImplTest"/>
  <testcase name="getTenantDailInWithSuccessfulReturn" time="0.002" classname="com.vidyo.service.room.RoomServiceImplTest"/>
  <testcase name="getCountEntityByEmailWithInvalidEmail" time="0.002" classname="com.vidyo.service.room.RoomServiceImplTest"/>
  <testcase name="unsilenceRoomWithValidID" time="0.001" classname="com.vidyo.service.room.RoomServiceImplTest"/>
  <testcase name="getRoomDetailsForConferenceWithValidInput" time="0.002" classname="com.vidyo.service.room.RoomServiceImplTest"/>
  <testcase name="isExtensionExistForLegacyExtNumberWithValidExtNumberAndValidRoomID" time="0.002" classname="com.vidyo.service.room.RoomServiceImplTest"/>
  <testcase name="muteRoomVideoWithValidID" time="0.002" classname="com.vidyo.service.room.RoomServiceImplTest"/>
  <testcase name="unlockRoomValidID" time="0.001" classname="com.vidyo.service.room.RoomServiceImplTest"/>
  <testcase name="getRoomProfileWithValidID" time="0.005" classname="com.vidyo.service.room.RoomServiceImplTest"/>
  <testcase name="getEntityWithValidFilter" time="0.001" classname="com.vidyo.service.room.RoomServiceImplTest"/>
  <testcase name="getMemberIDForRoomIDIfAllowedWithValidID" time="0.002" classname="com.vidyo.service.room.RoomServiceImplTest"/>
  <testcase name="getRoomForKeyWithInvalidKey" time="0.001" classname="com.vidyo.service.room.RoomServiceImplTest"/>
  <testcase name="removeRoomKeyWithValidRoom" time="0.001" classname="com.vidyo.service.room.RoomServiceImplTest"/>
  <testcase name="getUserCreatePublicRoomAllowedWithInvalidTenantId" time="0.003" classname="com.vidyo.service.room.RoomServiceImplTest"/>
  <testcase name="silenceRoomWithValidID" time="0.003" classname="com.vidyo.service.room.RoomServiceImplTest"/>
  <testcase name="deleteScheduledRoomsbyRecurringWithInvalidLimit" time="0.002" classname="com.vidyo.service.room.RoomServiceImplTest"/>
  <testcase name="getRoomDetailsForConferenceWithInvalidRoomExt" time="0.002" classname="com.vidyo.service.room.RoomServiceImplTest"/>
  <testcase name="getRoomStatusAndNumOfParticipantsWithValidRoomToCheckAndEmptyRoomResult" time="0.003" classname="com.vidyo.service.room.RoomServiceImplTest"/>
  <testcase name="getRoomWithInvalidTeanantID" time="0.007" classname="com.vidyo.service.room.RoomServiceImplTest"/>
  <testcase name="unlockRoomInvalidID" time="0.001" classname="com.vidyo.service.room.RoomServiceImplTest"/>
  <testcase name="generateModeratorKeyWithInvalidRoom" time="0.002" classname="com.vidyo.service.room.RoomServiceImplTest"/>
  <testcase name="updateRoomPrefixWithDataException" time="0.002" classname="com.vidyo.service.room.RoomServiceImplTest"/>
  <testcase name="getRoomAccessOptionsWithValidInputAndNotScheduledRoomAndNullTenant" time="0.001" classname="com.vidyo.service.room.RoomServiceImplTest"/>
  <testcase name="removeModeratorKeyWithInvalidRoom" time="0.001" classname="com.vidyo.service.room.RoomServiceImplTest"/>
  <testcase name="getEntityByEmailWithValidEntityFilterAndValidUserAndValidEmailAddress" time="0.002" classname="com.vidyo.service.room.RoomServiceImplTest"/>
  <testcase name="getRoomDetailsForConferenceWithInvalidTeanantID" time="0.001" classname="com.vidyo.service.room.RoomServiceImplTest"/>
  <testcase name="updateRoomModeratorPINWithValidRoom" time="0.002" classname="com.vidyo.service.room.RoomServiceImplTest"/>
  <testcase name="isRoomExistForRoomExtNumberWithValidExtNumberAndValidID" time="0.000" classname="com.vidyo.service.room.RoomServiceImplTest"/>
  <testcase name="getRoomWithInvalidNameExtAndValidTenantID" time="0.002" classname="com.vidyo.service.room.RoomServiceImplTest"/>
  <testcase name="findRoomsCountWithInvalidRoomTypes" time="0.001" classname="com.vidyo.service.room.RoomServiceImplTest"/>
  <testcase name="silenceRoomVideoWithInvalidID" time="0.001" classname="com.vidyo.service.room.RoomServiceImplTest"/>
  <testcase name="getRoomByNameAndTenantNameWithInvalidExtAndValidTenantName" time="0.002" classname="com.vidyo.service.room.RoomServiceImplTest"/>
  <testcase name="validateScheduledRoomWithRoomExtPrefixEqualsSchRoomPrefixAndResponseStatusIsNotZero" time="0.001" classname="com.vidyo.service.room.RoomServiceImplTest"/>
  <testcase name="getEntityByOwnerIDWithValidFilterAndValidUserAndValidOwenerID" time="0.003" classname="com.vidyo.service.room.RoomServiceImplTest"/>
  <testcase name="validateScheduledRoomWithRoomExtPrefixEqualsSchRoomPrefixAndResponsePinIsNotZeroAndGetRoomThrowException" time="0.002" classname="com.vidyo.service.room.RoomServiceImplTest"/>
  <testcase name="createScheduledRoomWithEmptyConfiguration" time="0.006" classname="com.vidyo.service.room.RoomServiceImplTest"/>
  <testcase name="getCountEntityIDsNotExclude" time="0.002" classname="com.vidyo.service.room.RoomServiceImplTest"/>
  <testcase name="getUserCreatePublicRoomAllowedWithValidTenantIdAndRoomEnableMoreThanZero" time="0.002" classname="com.vidyo.service.room.RoomServiceImplTest"/>
  <testcase name="generateSchRoomExtPinExtnLengthWithInvalidInput" time="0.002" classname="com.vidyo.service.room.RoomServiceImplTest"/>
  <testcase name="updateRoomProfieWithValidInput" time="0.001" classname="com.vidyo.service.room.RoomServiceImplTest"/>
  <testcase name="getRoomForModeratorKeyWithInvalidKey" time="0.001" classname="com.vidyo.service.room.RoomServiceImplTest"/>
  <testcase name="getPersonalRoomForOwnerIDWithValidOwnerID" time="0.001" classname="com.vidyo.service.room.RoomServiceImplTest"/>
  <testcase name="deleteInactiveSchRoomsWithValidInput" time="0.003" classname="com.vidyo.service.room.RoomServiceImplTest"/>
  <testcase name="getPersonalOrLegacyRoomForOwnerIDWithValidTeanatAndValidOwnerID" time="0.005" classname="com.vidyo.service.room.RoomServiceImplTest"/>
  <testcase name="deleteScheduledRoomByRoomKeyWithValidRoomKey" time="0.004" classname="com.vidyo.service.room.RoomServiceImplTest"/>
  <testcase name="validateScheduledRoomWithRoomExtPrefixEqualsSchRoomPrefixAndResponsePinIsNotZeroAndRoomNotFound" time="0.003" classname="com.vidyo.service.room.RoomServiceImplTest"/>
  <testcase name="removeRoomProfileWithValidRoomID" time="0.003" classname="com.vidyo.service.room.RoomServiceImplTest"/>
  <testcase name="getCountBrowseWithInvalidFilter" time="0.005" classname="com.vidyo.service.room.RoomServiceImplTest"/>
  <testcase name="isPublicRoomIdExistsForMemberIdWithInvalidMemberId" time="0.001" classname="com.vidyo.service.room.RoomServiceImplTest"/>
  <testcase name="getEntityWithInvalidUser" time="0.004" classname="com.vidyo.service.room.RoomServiceImplTest"/>
  <testcase name="getRoomEntitiesWithValidOwenerIDAndRoomUnScheduled" time="0.002" classname="com.vidyo.service.room.RoomServiceImplTest"/>
  <testcase name="muteRoomWithValidID" time="0.001" classname="com.vidyo.service.room.RoomServiceImplTest"/>
  <testcase name="isRoomExistForRoomNameWithInvalidID" time="0.002" classname="com.vidyo.service.room.RoomServiceImplTest"/>
  <testcase name="getAccessibleRoomDetailsWithInvalidCanCallTenantIds" time="0.005" classname="com.vidyo.service.room.RoomServiceImplTest"/>
  <testcase name="getCountEntityByOwnerIDWithInvalidOwnerID" time="0.002" classname="com.vidyo.service.room.RoomServiceImplTest"/>
  <testcase name="unmuteRoomVideoWithInvalidID" time="0.002" classname="com.vidyo.service.room.RoomServiceImplTest"/>
  <testcase name="isRoomExistForRoomExtNumberWithInvalidRoomID" time="0.002" classname="com.vidyo.service.room.RoomServiceImplTest"/>
  <testcase name="getRoomDetailsForConferenceWithInvalidDns" time="0.002" classname="com.vidyo.service.room.RoomServiceImplTest"/>
  <testcase name="createPublicRoomWithEmptyTenantConfig" time="0.007" classname="com.vidyo.service.room.RoomServiceImplTest"/>
  <testcase name="getRoomWithValidInput" time="0.004" classname="com.vidyo.service.room.RoomServiceImplTest"/>
  <testcase name="getRoomAccessOptionsNotReturnRoom" time="0.002" classname="com.vidyo.service.room.RoomServiceImplTest"/>
  <testcase name="isPrefixExistingInDefaultTenantWithInvalidTenantPrefix" time="0.001" classname="com.vidyo.service.room.RoomServiceImplTest"/>
  <testcase name="generateRoomKeyWithValidRoom" time="0.001" classname="com.vidyo.service.room.RoomServiceImplTest"/>
  <testcase name="getRoomDetailsForDisconnectParticipantWithInvalidTenantId" time="0.002" classname="com.vidyo.service.room.RoomServiceImplTest"/>
  <testcase name="getRoomDetailsForDisconnectParticipantWithValidInput" time="0.002" classname="com.vidyo.service.room.RoomServiceImplTest"/>
  <testcase name="deleteScheduledRoomsWithInvalidPrefix" time="0.003" classname="com.vidyo.service.room.RoomServiceImplTest"/>
  <testcase name="getRoomWithInvalidExtAndEmptyTenant" time="0.000" classname="com.vidyo.service.room.RoomServiceImplTest"/>
  <testcase name="updatePublicRoomDescriptionWithValidIdAndValidDes" time="0.002" classname="com.vidyo.service.room.RoomServiceImplTest"/>
  <testcase name="getDisplayNameCountWithInvalidInput" time="0.006" classname="com.vidyo.service.room.RoomServiceImplTest"/>
  <testcase name="getCountEntityIDsWithValidInputAndDoExcludeRooms" time="0.001" classname="com.vidyo.service.room.RoomServiceImplTest"/>
  <testcase name="getRoomDetailsForConferenceWithValidID" time="0.004" classname="com.vidyo.service.room.RoomServiceImplTest"/>
  <testcase name="getBrowseWithValidFilterAndValidUser" time="0.002" classname="com.vidyo.service.room.RoomServiceImplTest"/>
  <testcase name="getCountEntityNotExcludeRooms" time="0.007" classname="com.vidyo.service.room.RoomServiceImplTest"/>
  <testcase name="getRoomDetailsByRoomKeyWithInvalidId" time="0.001" classname="com.vidyo.service.room.RoomServiceImplTest"/>
  <testcase name="createScheduledRoomWithEmptyTenant" time="0.004" classname="com.vidyo.service.room.RoomServiceImplTest"/>
  <testcase name="removeModeratorKeyWithValidRoom" time="0.003" classname="com.vidyo.service.room.RoomServiceImplTest"/>
  <testcase name="getRoomAccessOptionsWithValidInputAndNotScheduledRoomAndNotNullTenant" time="0.005" classname="com.vidyo.service.room.RoomServiceImplTest"/>
  <testcase name="findRoomsCountWithValidQueryAndValidQueryFieldAndValidRoomTypes" time="0.002" classname="com.vidyo.service.room.RoomServiceImplTest"/>
  <testcase name="updateGroupByMemberWithInvalidInput" time="0.009" classname="com.vidyo.service.room.RoomServiceImplTest"/>
  <testcase name="unmuteRoomWithValidID" time="0.001" classname="com.vidyo.service.room.RoomServiceImplTest"/>
  <testcase name="getSystemCreatePublicRoomRemainCount" time="0.002" classname="com.vidyo.service.room.RoomServiceImplTest"/>
  <testcase name="isExtensionExistForLegacyExtNumberWithInvalidExtNumber" time="0.001" classname="com.vidyo.service.room.RoomServiceImplTest"/>
  <testcase name="getRoomsValidRoomFilter" time="0.003" classname="com.vidyo.service.room.RoomServiceImplTest"/>
  <testcase name="getEntityWithInvalidFilter" time="0.001" classname="com.vidyo.service.room.RoomServiceImplTest"/>
  <testcase name="getCountEntityByOwnerIDWithInvalidEntityFilter" time="0.002" classname="com.vidyo.service.room.RoomServiceImplTest"/>
  <testcase name="validateScheduledRoomWithRoomExtPrefixNotEqualsSchRoomPrefix" time="0.001" classname="com.vidyo.service.room.RoomServiceImplTest"/>
  <testcase name="getCountEntityByEmailWithInvalidEntityFilter" time="0.002" classname="com.vidyo.service.room.RoomServiceImplTest"/>
  <testcase name="getDisplayNameCountWithInvalidRoomId" time="0.008" classname="com.vidyo.service.room.RoomServiceImplTest"/>
  <testcase name="getTenantPrefixWithSuccessfulReturn" time="0.003" classname="com.vidyo.service.room.RoomServiceImplTest"/>
  <testcase name="getRoomForKeyWithValidKey" time="0.001" classname="com.vidyo.service.room.RoomServiceImplTest"/>
  <testcase name="getUserCreatePublicRoomCountWithValidTenantIdAndVlaidOwnerId" time="0.001" classname="com.vidyo.service.room.RoomServiceImplTest"/>
  <testcase name="validateScheduledRoomWithRoomExtPrefixEqualsSchRoomPrefixAndResponsePinIsNotZeroAndSetPinThrowException" time="0.000" classname="com.vidyo.service.room.RoomServiceImplTest"/>
  <testcase name="validateScheduledRoomWithEmptyConfig" time="0.001" classname="com.vidyo.service.room.RoomServiceImplTest"/>
  <testcase name="getPersonalOrLegacyRoomForOwnerIDWithInvalidTenant" time="0.002" classname="com.vidyo.service.room.RoomServiceImplTest"/>
  <testcase name="getEntityByOwnerIDWithInvalidOwenerID" time="0.001" classname="com.vidyo.service.room.RoomServiceImplTest"/>
  <testcase name="getRoomDetailsForWebcastWithInvalidRoomID" time="0.001" classname="com.vidyo.service.room.RoomServiceImplTest"/>
  <testcase name="deleteScheduledRoomsbyRecurringWithValidLimit" time="0.005" classname="com.vidyo.service.room.RoomServiceImplTest"/>
  <testcase name="silenceSpeakerForRoomServerWithInvlaidFlag" time="0.004" classname="com.vidyo.service.room.RoomServiceImplTest"/>
  <testcase name="getEntityByOwnerIDWithInvalidFilter" time="0.001" classname="com.vidyo.service.room.RoomServiceImplTest"/>
  <testcase name="getEntityByEmailWithInvalidUser" time="0.001" classname="com.vidyo.service.room.RoomServiceImplTest"/>
  <testcase name="isPublicRoomIdExistsForMemberIdWithValidInput" time="0.001" classname="com.vidyo.service.room.RoomServiceImplTest"/>
  <testcase name="validateScheduledRoomWithRoomExtShorterThanschRoomPrefix" time="0.002" classname="com.vidyo.service.room.RoomServiceImplTest"/>
  <testcase name="getCountBrowseWithInvalidUser" time="0.001" classname="com.vidyo.service.room.RoomServiceImplTest"/>
  <testcase name="getDisplayNameCountWithValidInput" time="0.002" classname="com.vidyo.service.room.RoomServiceImplTest"/>
  <testcase name="getRoomStatusAndNumOfParticipantsWithEmptyRoomToCheck" time="0.001" classname="com.vidyo.service.room.RoomServiceImplTest"/>
  <testcase name="validateScheduledRoomWithEmptyRoomExt" time="0.000" classname="com.vidyo.service.room.RoomServiceImplTest"/>
</testsuite> <!-- com.vidyo.service.room.RoomServiceImplTest -->
