<?xml version="1.0" encoding="UTF-8"?>
<!-- Generated by org.testng.reporters.JUnitReportReporter -->
<testsuite skipped="0" hostname="lwo1-lhp-f71232" name="com.vidyo.SimpleTest" tests="2" failures="0" timestamp="15 Jan 2018 09:36:36 GMT" time="0.493" errors="0">
  <testcase name="lockValidRoomTest" time="0.462" classname="com.vidyo.SimpleTest"/>
  <testcase name="lockInvalidRoomTest" time="0.031" classname="com.vidyo.SimpleTest"/>
</testsuite> <!-- com.vidyo.SimpleTest -->
