<?xml version="1.0" encoding="UTF-8"?>
<!-- Generated by org.testng.reporters.JUnitReportReporter -->
<testsuite skipped="0" hostname="lwo1-lhp-f71232" name="com.vidyo.service.conference.ConferenceServiceImplTest" tests="92" failures="0" timestamp="19 Apr 2018 12:22:37 GMT" time="1.008" errors="0">
  <testcase name="getVirtualEndpointForEndpointIDWithValidInput" time="0.003" classname="com.vidyo.service.conference.ConferenceServiceImplTest"/>
  <testcase name="getParticipantsWithInvalidInput" time="0.002" classname="com.vidyo.service.conference.ConferenceServiceImplTest"/>
  <testcase name="getEndpointStatusWithInvalidInput" time="0.006" classname="com.vidyo.service.conference.ConferenceServiceImplTest"/>
  <testcase name="getGUIDForEndpointIDWithValidInput" time="0.004" classname="com.vidyo.service.conference.ConferenceServiceImplTest"/>
  <testcase name="getRoomIDForEndpointIDWithValidInput" time="0.002" classname="com.vidyo.service.conference.ConferenceServiceImplTest"/>
  <testcase name="removeExternalLinkWithValiInputAndMySystemIDEqualsFromSystemIDAndCatchNotLicensedFaultException" time="0.004" classname="com.vidyo.service.conference.ConferenceServiceImplTest"/>
  <testcase name="addEndpointUnsupportedToTransactionHistoryWithInvalidInput" time="0.007" classname="com.vidyo.service.conference.ConferenceServiceImplTest"/>
  <testcase name="getVMConnectAddressWithtlsProxyNotEnabled" time="0.503" classname="com.vidyo.service.conference.ConferenceServiceImplTest"/>
  <testcase name="getEndpointIPaddressWithInvalidGUID" time="0.016" classname="com.vidyo.service.conference.ConferenceServiceImplTest"/>
  <testcase name="getEndpointStatusWithInvalidGUID" time="0.003" classname="com.vidyo.service.conference.ConferenceServiceImplTest"/>
  <testcase name="isMemberPresentInRoomWithValidInput" time="0.001" classname="com.vidyo.service.conference.ConferenceServiceImplTest"/>
  <testcase name="getControlWithInvalidInput" time="0.002" classname="com.vidyo.service.conference.ConferenceServiceImplTest"/>
  <testcase name="getControlForMemberWithValidInput" time="0.002" classname="com.vidyo.service.conference.ConferenceServiceImplTest"/>
  <testcase name="getExternalLinkWithValidInput" time="0.003" classname="com.vidyo.service.conference.ConferenceServiceImplTest"/>
  <testcase name="addEndpointUnsupportedToTransactionHistoryWithValidInputAndEndpointNotEmpty" time="0.004" classname="com.vidyo.service.conference.ConferenceServiceImplTest"/>
  <testcase name="getCountParticipantsWithValidInput" time="0.007" classname="com.vidyo.service.conference.ConferenceServiceImplTest"/>
  <testcase name="removeExternalLinkWithValiInputAndCatchNotLicensedFaultException" time="0.008" classname="com.vidyo.service.conference.ConferenceServiceImplTest"/>
  <testcase name="removeExternalLinkWithValiInputAndMySystemIDEqualsFromSystemIDAndCatchInvalidArgumentFaultException" time="0.005" classname="com.vidyo.service.conference.ConferenceServiceImplTest"/>
  <testcase name="addEndpointUnsupportedToTransactionHistoryWithValidInputWithMembertypeNotEqualsToGAndMembNotEmpty" time="0.002" classname="com.vidyo.service.conference.ConferenceServiceImplTest"/>
  <testcase name="removeExternalLinkWithValiInputAndCatchInvalidArgumentException" time="0.003" classname="com.vidyo.service.conference.ConferenceServiceImplTest"/>
  <testcase name="addEndpointUnsupportedToTransactionHistoryWithValidInputWithEmptyGuest" time="0.004" classname="com.vidyo.service.conference.ConferenceServiceImplTest"/>
  <testcase name="removeExternalLinkWithValidInputAndRespStatusNotEqualsToStatusType" time="0.012" classname="com.vidyo.service.conference.ConferenceServiceImplTest"/>
  <testcase name="getCountParticipantsWithValidRoomID" time="0.001" classname="com.vidyo.service.conference.ConferenceServiceImplTest"/>
  <testcase name="getLectureModeParticipantsWithValidInput" time="0.003" classname="com.vidyo.service.conference.ConferenceServiceImplTest"/>
  <testcase name="removeExternalLinkWithValiInputAndMySystemIDEqualsFromSystemIDAndCatchResourceNotAvailableFaultException" time="0.002" classname="com.vidyo.service.conference.ConferenceServiceImplTest"/>
  <testcase name="getGUIDForEndpointIdInConfWithValidInput" time="0.004" classname="com.vidyo.service.conference.ConferenceServiceImplTest"/>
  <testcase name="isEndpointIDinRoomIDWithValidInput" time="0.002" classname="com.vidyo.service.conference.ConferenceServiceImplTest"/>
  <testcase name="getCountControlWithInvalidInput" time="0.005" classname="com.vidyo.service.conference.ConferenceServiceImplTest"/>
  <testcase name="getGUIDForEndpointIdInConfWithInvalidInput" time="0.002" classname="com.vidyo.service.conference.ConferenceServiceImplTest"/>
  <testcase name="getMemberIDForEndpointIDWithValidID" time="0.013" classname="com.vidyo.service.conference.ConferenceServiceImplTest"/>
  <testcase name="removeExternalLinkWithValidInputAndRespStatusEqualsToStatusType" time="0.002" classname="com.vidyo.service.conference.ConferenceServiceImplTest"/>
  <testcase name="twoPartyConferenceWithValidInputAndFromMemberIsEmpty" time="0.010" classname="com.vidyo.service.conference.ConferenceServiceImplTest"/>
  <testcase name="removeExternalLinkWithValiInputAndMySystemIDEqualsFromSystemIDAndCatchGeneralFaultException" time="0.004" classname="com.vidyo.service.conference.ConferenceServiceImplTest"/>
  <testcase name="getVMConnectAddressWithValidInput" time="0.003" classname="com.vidyo.service.conference.ConferenceServiceImplTest"/>
  <testcase name="removeExternalLinkWithValiInputAndCatchResourceNotAvailableFaultException" time="0.003" classname="com.vidyo.service.conference.ConferenceServiceImplTest"/>
  <testcase name="inviteToConferenceWithFromMemberNotEmptyAndRoomIDNotEqualsToFromRoomIDAndToMemberIdIsNotZero" time="0.005" classname="com.vidyo.service.conference.ConferenceServiceImplTest"/>
  <testcase name="getEndpointIDForGUIDWithInvalidInput" time="0.004" classname="com.vidyo.service.conference.ConferenceServiceImplTest"/>
  <testcase name="getLectureModeParticipantsWithInvalidInput" time="0.004" classname="com.vidyo.service.conference.ConferenceServiceImplTest"/>
  <testcase name="getCountParticipantsWithInvalidConferenceName" time="0.004" classname="com.vidyo.service.conference.ConferenceServiceImplTest"/>
  <testcase name="getRoomNameForGUIDWithInvalidInput" time="0.003" classname="com.vidyo.service.conference.ConferenceServiceImplTest"/>
  <testcase name="removeExternalLinkWithValiInputAndCatchRemoteException" time="0.010" classname="com.vidyo.service.conference.ConferenceServiceImplTest"/>
  <testcase name="getParticipantsWithInvalidRoomIDAndInvalidEntityFilterAndInvalidUser" time="0.011" classname="com.vidyo.service.conference.ConferenceServiceImplTest"/>
  <testcase name="cancelInviteToConferenceWithInvalidInput" time="0.002" classname="com.vidyo.service.conference.ConferenceServiceImplTest"/>
  <testcase name="getRecorderEndpointForEndpointIDWithValidInput" time="0.011" classname="com.vidyo.service.conference.ConferenceServiceImplTest"/>
  <testcase name="cancelInviteToConferenceWithToMemberIDNot0AndToMemberIsEmpty" time="0.007" classname="com.vidyo.service.conference.ConferenceServiceImplTest"/>
  <testcase name="getEndpointIDForMemberIDWithValidInput" time="0.002" classname="com.vidyo.service.conference.ConferenceServiceImplTest"/>
  <testcase name="getEndpointIDForMemberIDWithInvalidInput" time="0.005" classname="com.vidyo.service.conference.ConferenceServiceImplTest"/>
  <testcase name="getEndpointIDForGUIDWithValidInput" time="0.002" classname="com.vidyo.service.conference.ConferenceServiceImplTest"/>
  <testcase name="getRoomNameForGUIDWithValidInputAndRoomNameNotNull" time="0.011" classname="com.vidyo.service.conference.ConferenceServiceImplTest"/>
  <testcase name="cancelInviteToConferenceWithEmptyFromMember" time="0.040" classname="com.vidyo.service.conference.ConferenceServiceImplTest"/>
  <testcase name="inviteToConferenceWithEmptyRoom" time="0.003" classname="com.vidyo.service.conference.ConferenceServiceImplTest"/>
  <testcase name="addEndpointUnsupportedToTransactionHistoryWithEndpointTypeNotEqualsTOR" time="0.049" classname="com.vidyo.service.conference.ConferenceServiceImplTest"/>
  <testcase name="getConferenceForMemberWithInvalidInput" time="0.004" classname="com.vidyo.service.conference.ConferenceServiceImplTest"/>
  <testcase name="removeExternalLinkWithValiInputAndCatchEndpointNotExistFaultException" time="0.003" classname="com.vidyo.service.conference.ConferenceServiceImplTest"/>
  <testcase name="isEndpointIDinRoomIDWithInvalidInput" time="0.012" classname="com.vidyo.service.conference.ConferenceServiceImplTest"/>
  <testcase name="getExternalLinkWithInvalidInput" time="0.003" classname="com.vidyo.service.conference.ConferenceServiceImplTest"/>
  <testcase name="removeExternalLinkWithValiInputAndMySystemIDEqualsFromSystemIDAndCatchRemoteException" time="0.003" classname="com.vidyo.service.conference.ConferenceServiceImplTest"/>
  <testcase name="inviteToConferenceWithEmptyFromMember" time="0.004" classname="com.vidyo.service.conference.ConferenceServiceImplTest"/>
  <testcase name="dropRemoteConfWithValidInputAndInvalidGeneralFaultException" time="0.003" classname="com.vidyo.service.conference.ConferenceServiceImplTest"/>
  <testcase name="getEndpointStatusWithValidGUID" time="0.002" classname="com.vidyo.service.conference.ConferenceServiceImplTest"/>
  <testcase name="getCountControlWithValidInput" time="0.001" classname="com.vidyo.service.conference.ConferenceServiceImplTest"/>
  <testcase name="getMemberIDForEndpointIDWithInvalidID" time="0.002" classname="com.vidyo.service.conference.ConferenceServiceImplTest"/>
  <testcase name="getParticipantsWithValidInput" time="0.011" classname="com.vidyo.service.conference.ConferenceServiceImplTest"/>
  <testcase name="getEndpointIPaddressWithValiGUID" time="0.007" classname="com.vidyo.service.conference.ConferenceServiceImplTest"/>
  <testcase name="isMemberPresentInRoomWithInvalidInput" time="0.004" classname="com.vidyo.service.conference.ConferenceServiceImplTest"/>
  <testcase name="dropRemoteConfWithValidInputAndNoVidyoFederationException" time="0.006" classname="com.vidyo.service.conference.ConferenceServiceImplTest"/>
  <testcase name="cleanGuestsAndEndpointsWithValidInput" time="0.006" classname="com.vidyo.service.conference.ConferenceServiceImplTest"/>
  <testcase name="getEndpointStatusWithValidInput" time="0.003" classname="com.vidyo.service.conference.ConferenceServiceImplTest"/>
  <testcase name="twoPartyConferenceWithValidInputAndtoMemberIsEmpty" time="0.002" classname="com.vidyo.service.conference.ConferenceServiceImplTest"/>
  <testcase name="getRoomNameForGUIDWithValidInputAndRoomNameIsNull" time="0.004" classname="com.vidyo.service.conference.ConferenceServiceImplTest"/>
  <testcase name="inviteToConferenceWithFromMemberNotEmptyAndRoomIDNotEqualsToFromRoomIDAndThrowNullPointerException" time="0.004" classname="com.vidyo.service.conference.ConferenceServiceImplTest"/>
  <testcase name="dropRemoteConfWithValidInputAndRestIsEmpty" time="0.007" classname="com.vidyo.service.conference.ConferenceServiceImplTest"/>
  <testcase name="getControlWithValidInput" time="0.002" classname="com.vidyo.service.conference.ConferenceServiceImplTest"/>
  <testcase name="getRecorderEndpointForEndpointIDWithInvalidInput" time="0.005" classname="com.vidyo.service.conference.ConferenceServiceImplTest"/>
  <testcase name="addEndpointUnsupportedToTransactionHistoryWithValidInputAndEndpointIsEmpty" time="0.003" classname="com.vidyo.service.conference.ConferenceServiceImplTest"/>
  <testcase name="disconnectEndpointFromConferenceWithValidInputAndGUIDIsEmpty" time="0.006" classname="com.vidyo.service.conference.ConferenceServiceImplTest"/>
  <testcase name="getVirtualEndpointForEndpointIDWithInvalidInput" time="0.002" classname="com.vidyo.service.conference.ConferenceServiceImplTest"/>
  <testcase name="getMemberTypeForEndpointIDWithValidInput" time="0.001" classname="com.vidyo.service.conference.ConferenceServiceImplTest"/>
  <testcase name="getParticipantsWithValidRoomIDAndValidEntityFilterAndValidUser" time="0.002" classname="com.vidyo.service.conference.ConferenceServiceImplTest"/>
  <testcase name="getCountParticipantsWithInvalidInput" time="0.006" classname="com.vidyo.service.conference.ConferenceServiceImplTest"/>
  <testcase name="removeExternalLinkWithValidInputAndRespIsNull" time="0.002" classname="com.vidyo.service.conference.ConferenceServiceImplTest"/>
  <testcase name="dropRemoteConfWithValidInputAndRemoteException" time="0.004" classname="com.vidyo.service.conference.ConferenceServiceImplTest"/>
  <testcase name="removeExternalLinkWithValiInputAndCatchGeneralFaultException" time="0.007" classname="com.vidyo.service.conference.ConferenceServiceImplTest"/>
  <testcase name="clearStraleConferenceRecords" time="0.003" classname="com.vidyo.service.conference.ConferenceServiceImplTest"/>
  <testcase name="getGUIDForEndpointIDWithInvalidInput" time="0.006" classname="com.vidyo.service.conference.ConferenceServiceImplTest"/>
  <testcase name="dropRemoteConfWithValidInputAndInvalidArgumentFaultException" time="0.004" classname="com.vidyo.service.conference.ConferenceServiceImplTest"/>
  <testcase name="removeExternalLinkWithValiInputAndMySystemIDEqualsFromSystemIDAndCatchEndpointNotExistFaultException" time="0.002" classname="com.vidyo.service.conference.ConferenceServiceImplTest"/>
  <testcase name="addEndpointUnsupportedToTransactionHistoryWithValidInputWithMembertypeNotEqualsToGAndMembIsEmpty" time="0.002" classname="com.vidyo.service.conference.ConferenceServiceImplTest"/>
  <testcase name="getMemberTypeForEndpointIDWithInvalidID" time="0.003" classname="com.vidyo.service.conference.ConferenceServiceImplTest"/>
  <testcase name="addEndpointUnsupportedToTransactionHistoryWithEndpointTypeNotEqualsTOV" time="0.006" classname="com.vidyo.service.conference.ConferenceServiceImplTest"/>
  <testcase name="getRoomIDForEndpointIDWithInvalidInput" time="0.003" classname="com.vidyo.service.conference.ConferenceServiceImplTest"/>
  <testcase name="cleanGuestsAndEndpointsWithInvalidInput" time="0.018" classname="com.vidyo.service.conference.ConferenceServiceImplTest"/>
</testsuite> <!-- com.vidyo.service.conference.ConferenceServiceImplTest -->
